d:\player\iermu-win\debug\iermu-win.bsc
d:\player\iermu-win\iermu-win\debug\iermu-win.pch
d:\player\iermu-win\iermu-win\debug\vc120.pdb
d:\player\iermu-win\iermu-win\debug\vc120.idb
d:\player\iermu-win\iermu-win\debug\stdafx.sbr
d:\player\iermu-win\iermu-win\debug\stdafx.obj
d:\player\iermu-win\iermu-win\debug\threadobject.sbr
d:\player\iermu-win\iermu-win\debug\cppsqlite3.sbr
d:\player\iermu-win\iermu-win\debug\upnptool.sbr
d:\player\iermu-win\iermu-win\debug\souirealwndhandler.sbr
d:\player\iermu-win\iermu-win\debug\realwnddlg.sbr
d:\player\iermu-win\iermu-win\debug\fourinterface.sbr
d:\player\iermu-win\iermu-win\debug\ihttp.sbr
d:\player\iermu-win\iermu-win\debug\httpsocket.sbr
d:\player\iermu-win\iermu-win\debug\httpconnect.sbr
d:\player\iermu-win\iermu-win\debug\maindlg.sbr
d:\player\iermu-win\iermu-win\debug\groupdlg.sbr
d:\player\iermu-win\iermu-win\debug\sswitch.sbr
d:\player\iermu-win\iermu-win\debug\sminiblink.sbr
d:\player\iermu-win\iermu-win\debug\simagemaskwnd.sbr
d:\player\iermu-win\iermu-win\debug\serializeobj.sbr
d:\player\iermu-win\iermu-win\debug\cameraadapter.sbr
d:\player\iermu-win\iermu-win\debug\iermu-win.sbr
d:\player\iermu-win\iermu-win\debug\iermu-win.obj
d:\player\iermu-win\iermu-win\debug\cameraadapter.obj
d:\player\iermu-win\iermu-win\debug\serializeobj.obj
d:\player\iermu-win\iermu-win\debug\simagemaskwnd.obj
d:\player\iermu-win\iermu-win\debug\sminiblink.obj
d:\player\iermu-win\iermu-win\debug\sswitch.obj
d:\player\iermu-win\iermu-win\debug\groupdlg.obj
d:\player\iermu-win\iermu-win\debug\maindlg.obj
d:\player\iermu-win\iermu-win\debug\httpconnect.obj
d:\player\iermu-win\iermu-win\debug\httpsocket.obj
d:\player\iermu-win\iermu-win\debug\ihttp.obj
d:\player\iermu-win\iermu-win\debug\fourinterface.obj
d:\player\iermu-win\iermu-win\debug\realwnddlg.obj
d:\player\iermu-win\iermu-win\debug\souirealwndhandler.obj
d:\player\iermu-win\iermu-win\debug\upnptool.obj
d:\player\iermu-win\iermu-win\debug\cppsqlite3.obj
d:\player\iermu-win\iermu-win\debug\threadobject.obj
d:\player\iermu-win\iermu-win\res\soui_res.rc2
d:\player\iermu-win\iermu-win\debug\iermu-win.res
d:\player\iermu-win\debug\iermu-win.pdb
d:\player\iermu-win\iermu-win\debug\iermu-win.tlog\bscmake.command.1.tlog
d:\player\iermu-win\iermu-win\debug\iermu-win.tlog\bscmake.read.1.tlog
d:\player\iermu-win\iermu-win\debug\iermu-win.tlog\bscmake.write.1.tlog
d:\player\iermu-win\iermu-win\debug\iermu-win.tlog\cl.command.1.tlog
d:\player\iermu-win\iermu-win\debug\iermu-win.tlog\cl.read.1.tlog
d:\player\iermu-win\iermu-win\debug\iermu-win.tlog\cl.write.1.tlog
d:\player\iermu-win\iermu-win\debug\iermu-win.tlog\custombuild.command.1.tlog
d:\player\iermu-win\iermu-win\debug\iermu-win.tlog\custombuild.read.1.tlog
d:\player\iermu-win\iermu-win\debug\iermu-win.tlog\custombuild.write.1.tlog
d:\player\iermu-win\iermu-win\debug\iermu-win.tlog\link.6688-cvtres.read.1.tlog
d:\player\iermu-win\iermu-win\debug\iermu-win.tlog\link.6688-cvtres.write.1.tlog
d:\player\iermu-win\iermu-win\debug\iermu-win.tlog\link.6688-rc.read.1.tlog
d:\player\iermu-win\iermu-win\debug\iermu-win.tlog\link.6688-rc.write.1.tlog
d:\player\iermu-win\iermu-win\debug\iermu-win.tlog\link.6688.read.1.tlog
d:\player\iermu-win\iermu-win\debug\iermu-win.tlog\link.6688.write.1.tlog
d:\player\iermu-win\iermu-win\debug\iermu-win.tlog\link.command.1.tlog
d:\player\iermu-win\iermu-win\debug\iermu-win.tlog\link.read.1.tlog
d:\player\iermu-win\iermu-win\debug\iermu-win.tlog\link.write.1.tlog
d:\player\iermu-win\iermu-win\debug\iermu-win.tlog\rc.command.1.tlog
d:\player\iermu-win\iermu-win\debug\iermu-win.tlog\rc.read.1.tlog
d:\player\iermu-win\iermu-win\debug\iermu-win.tlog\rc.write.1.tlog
