d:\player\fanplayer-master\player-win32\fanplayer\debug\vc120.pdb
d:\player\fanplayer-master\player-win32\fanplayer\debug\vc120.idb
d:\player\fanplayer-master\player-win32\fanplayer\debug\adev-cmn.obj
d:\player\fanplayer-master\player-win32\fanplayer\debug\adev-win.obj
d:\player\fanplayer-master\player-win32\fanplayer\debug\dxva2hwa.obj
d:\player\fanplayer-master\player-win32\fanplayer\debug\ffplayer.obj
d:\player\fanplayer-master\player-win32\fanplayer\debug\ffrender.obj
d:\player\fanplayer-master\player-win32\fanplayer\debug\pktqueue.obj
d:\player\fanplayer-master\player-win32\fanplayer\debug\recorder.obj
d:\player\fanplayer-master\player-win32\fanplayer\debug\snapshot.obj
d:\player\fanplayer-master\player-win32\fanplayer\debug\vdev-cmn.obj
d:\player\fanplayer-master\player-win32\fanplayer\debug\vdev-d3d.obj
d:\player\fanplayer-master\player-win32\fanplayer\debug\vdev-eapil.obj
d:\player\fanplayer-master\player-win32\fanplayer\debug\vdev-gdi.obj
d:\player\fanplayer-master\player-win32\fanplayer\debug\veffect.obj
d:\player\fanplayer-master\player-win32\debug\fanplayer.lib
d:\player\fanplayer-master\player-win32\debug\fanplayer.exp
d:\player\fanplayer-master\player-win32\debug\fanplayer.ilk
d:\player\fanplayer-master\player-win32\debug\fanplayer.dll
d:\player\fanplayer-master\player-win32\debug\fanplayer.pdb
d:\player\fanplayer-master\player-win32\fanplayer\debug\fanplayer.tlog\cl.command.1.tlog
d:\player\fanplayer-master\player-win32\fanplayer\debug\fanplayer.tlog\cl.read.1.tlog
d:\player\fanplayer-master\player-win32\fanplayer\debug\fanplayer.tlog\cl.write.1.tlog
d:\player\fanplayer-master\player-win32\fanplayer\debug\fanplayer.tlog\fanplayer.write.1u.tlog
d:\player\fanplayer-master\player-win32\fanplayer\debug\fanplayer.tlog\link.command.1.tlog
d:\player\fanplayer-master\player-win32\fanplayer\debug\fanplayer.tlog\link.read.1.tlog
d:\player\fanplayer-master\player-win32\fanplayer\debug\fanplayer.tlog\link.write.1.tlog
