d:\player\iermu-win\iermu-player\player-win32\fanplayer\debug\vc120.pdb
d:\player\iermu-win\iermu-player\player-win32\fanplayer\debug\vc120.idb
d:\player\iermu-win\iermu-player\player-win32\fanplayer\debug\adev-cmn.obj
d:\player\iermu-win\iermu-player\player-win32\fanplayer\debug\adev-win.obj
d:\player\iermu-win\iermu-player\player-win32\fanplayer\debug\dxva2hwa.obj
d:\player\iermu-win\iermu-player\player-win32\fanplayer\debug\ffplayer.obj
d:\player\iermu-win\iermu-player\player-win32\fanplayer\debug\ffrender.obj
d:\player\iermu-win\iermu-player\player-win32\fanplayer\debug\pktqueue.obj
d:\player\iermu-win\iermu-player\player-win32\fanplayer\debug\recorder.obj
d:\player\iermu-win\iermu-player\player-win32\fanplayer\debug\snapshot.obj
d:\player\iermu-win\iermu-player\player-win32\fanplayer\debug\vdev-cmn.obj
d:\player\iermu-win\iermu-player\player-win32\fanplayer\debug\vdev-d3d.obj
d:\player\iermu-win\iermu-player\player-win32\fanplayer\debug\vdev-eapil.obj
d:\player\iermu-win\iermu-player\player-win32\fanplayer\debug\vdev-gdi.obj
d:\player\iermu-win\iermu-player\player-win32\fanplayer\debug\veffect.obj
d:\player\iermu-win\debug\iermu-player.lib
d:\player\iermu-win\debug\iermu-player.exp
d:\player\iermu-win\debug\iermu-player.ilk
d:\player\iermu-win\debug\iermu-player.dll
d:\player\iermu-win\debug\iermu-player.pdb
d:\player\iermu-win\iermu-player\player-win32\fanplayer\debug\iermu-player.tlog\cl.command.1.tlog
d:\player\iermu-win\iermu-player\player-win32\fanplayer\debug\iermu-player.tlog\cl.read.1.tlog
d:\player\iermu-win\iermu-player\player-win32\fanplayer\debug\iermu-player.tlog\cl.write.1.tlog
d:\player\iermu-win\iermu-player\player-win32\fanplayer\debug\iermu-player.tlog\iermu-player.write.1u.tlog
d:\player\iermu-win\iermu-player\player-win32\fanplayer\debug\iermu-player.tlog\link.command.1.tlog
d:\player\iermu-win\iermu-player\player-win32\fanplayer\debug\iermu-player.tlog\link.read.1.tlog
d:\player\iermu-win\iermu-player\player-win32\fanplayer\debug\iermu-player.tlog\link.write.1.tlog
