d:\player\fanplayer-master\player-win32\fanplayer\release\vc120.pdb
d:\player\fanplayer-master\player-win32\fanplayer\release\veffect.obj
d:\player\fanplayer-master\player-win32\fanplayer\release\vdev-gdi.obj
d:\player\fanplayer-master\player-win32\fanplayer\release\vdev-eapil.obj
d:\player\fanplayer-master\player-win32\fanplayer\release\vdev-d3d.obj
d:\player\fanplayer-master\player-win32\fanplayer\release\vdev-cmn.obj
d:\player\fanplayer-master\player-win32\fanplayer\release\snapshot.obj
d:\player\fanplayer-master\player-win32\fanplayer\release\recorder.obj
d:\player\fanplayer-master\player-win32\fanplayer\release\pktqueue.obj
d:\player\fanplayer-master\player-win32\fanplayer\release\ffrender.obj
d:\player\fanplayer-master\player-win32\fanplayer\release\ffplayer.obj
d:\player\fanplayer-master\player-win32\fanplayer\release\dxva2hwa.obj
d:\player\fanplayer-master\player-win32\fanplayer\release\adev-win.obj
d:\player\fanplayer-master\player-win32\fanplayer\release\adev-cmn.obj
d:\player\fanplayer-master\player-win32\release\fanplayer.lib
d:\player\fanplayer-master\player-win32\release\fanplayer.exp
d:\player\fanplayer-master\player-win32\release\fanplayer.dll
d:\player\fanplayer-master\player-win32\release\fanplayer.pdb
d:\player\fanplayer-master\player-win32\fanplayer\release\fanplayer.tlog\cl.command.1.tlog
d:\player\fanplayer-master\player-win32\fanplayer\release\fanplayer.tlog\cl.read.1.tlog
d:\player\fanplayer-master\player-win32\fanplayer\release\fanplayer.tlog\cl.write.1.tlog
d:\player\fanplayer-master\player-win32\fanplayer\release\fanplayer.tlog\fanplayer.write.1u.tlog
d:\player\fanplayer-master\player-win32\fanplayer\release\fanplayer.tlog\link.command.1.tlog
d:\player\fanplayer-master\player-win32\fanplayer\release\fanplayer.tlog\link.read.1.tlog
d:\player\fanplayer-master\player-win32\fanplayer\release\fanplayer.tlog\link.write.1.tlog
