d:\player\iermu-win\iermu-player\player-win32\fanplayer\release\vc120.pdb
d:\player\iermu-win\iermu-player\player-win32\fanplayer\release\veffect.obj
d:\player\iermu-win\iermu-player\player-win32\fanplayer\release\vdev-gdi.obj
d:\player\iermu-win\iermu-player\player-win32\fanplayer\release\vdev-eapil.obj
d:\player\iermu-win\iermu-player\player-win32\fanplayer\release\vdev-d3d.obj
d:\player\iermu-win\iermu-player\player-win32\fanplayer\release\vdev-cmn.obj
d:\player\iermu-win\iermu-player\player-win32\fanplayer\release\snapshot.obj
d:\player\iermu-win\iermu-player\player-win32\fanplayer\release\recorder.obj
d:\player\iermu-win\iermu-player\player-win32\fanplayer\release\pktqueue.obj
d:\player\iermu-win\iermu-player\player-win32\fanplayer\release\ffrender.obj
d:\player\iermu-win\iermu-player\player-win32\fanplayer\release\ffplayer.obj
d:\player\iermu-win\iermu-player\player-win32\fanplayer\release\dxva2hwa.obj
d:\player\iermu-win\iermu-player\player-win32\fanplayer\release\adev-win.obj
d:\player\iermu-win\iermu-player\player-win32\fanplayer\release\adev-cmn.obj
d:\player\iermu-win\release\iermu-player.lib
d:\player\iermu-win\release\iermu-player.exp
d:\player\iermu-win\release\iermu-player.dll
d:\player\iermu-win\release\iermu-player.pdb
d:\player\iermu-win\iermu-player\player-win32\fanplayer\release\iermu-player.tlog\cl.command.1.tlog
d:\player\iermu-win\iermu-player\player-win32\fanplayer\release\iermu-player.tlog\cl.read.1.tlog
d:\player\iermu-win\iermu-player\player-win32\fanplayer\release\iermu-player.tlog\cl.write.1.tlog
d:\player\iermu-win\iermu-player\player-win32\fanplayer\release\iermu-player.tlog\iermu-player.write.1u.tlog
d:\player\iermu-win\iermu-player\player-win32\fanplayer\release\iermu-player.tlog\link.command.1.tlog
d:\player\iermu-win\iermu-player\player-win32\fanplayer\release\iermu-player.tlog\link.read.1.tlog
d:\player\iermu-win\iermu-player\player-win32\fanplayer\release\iermu-player.tlog\link.write.1.tlog
