d:\player\iermu-win\iermu-win\release\iermu-win.pch
d:\player\iermu-win\iermu-win\release\vc120.pdb
d:\player\iermu-win\iermu-win\release\stdafx.obj
d:\player\iermu-win\iermu-win\release\threadobject.obj
d:\player\iermu-win\iermu-win\release\cppsqlite3.obj
d:\player\iermu-win\iermu-win\release\upnptool.obj
d:\player\iermu-win\iermu-win\release\souirealwndhandler.obj
d:\player\iermu-win\iermu-win\release\realwnddlg.obj
d:\player\iermu-win\iermu-win\release\fourinterface.obj
d:\player\iermu-win\iermu-win\release\ihttp.obj
d:\player\iermu-win\iermu-win\release\httpsocket.obj
d:\player\iermu-win\iermu-win\release\httpconnect.obj
d:\player\iermu-win\iermu-win\release\maindlg.obj
d:\player\iermu-win\iermu-win\release\groupdlg.obj
d:\player\iermu-win\iermu-win\release\sswitch.obj
d:\player\iermu-win\iermu-win\release\sminiblink.obj
d:\player\iermu-win\iermu-win\release\simagemaskwnd.obj
d:\player\iermu-win\iermu-win\release\serializeobj.obj
d:\player\iermu-win\iermu-win\release\cameraadapter.obj
d:\player\iermu-win\iermu-win\release\iermu-win.obj
d:\player\iermu-win\iermu-win\res\soui_res.rc2
d:\player\iermu-win\iermu-win\release\iermu-win.res
d:\player\iermu-win\iermu-win\release\iermu-win.tlog\cl.command.1.tlog
d:\player\iermu-win\iermu-win\release\iermu-win.tlog\cl.read.1.tlog
d:\player\iermu-win\iermu-win\release\iermu-win.tlog\cl.write.1.tlog
d:\player\iermu-win\iermu-win\release\iermu-win.tlog\custombuild.command.1.tlog
d:\player\iermu-win\iermu-win\release\iermu-win.tlog\custombuild.read.1.tlog
d:\player\iermu-win\iermu-win\release\iermu-win.tlog\custombuild.write.1.tlog
d:\player\iermu-win\iermu-win\release\iermu-win.tlog\link.5816.read.1.tlog
d:\player\iermu-win\iermu-win\release\iermu-win.tlog\link.5816.write.1.tlog
d:\player\iermu-win\iermu-win\release\iermu-win.tlog\link.command.1.tlog
d:\player\iermu-win\iermu-win\release\iermu-win.tlog\link.read.1.tlog
d:\player\iermu-win\iermu-win\release\iermu-win.tlog\link.write.1.tlog
d:\player\iermu-win\iermu-win\release\iermu-win.tlog\rc.command.1.tlog
d:\player\iermu-win\iermu-win\release\iermu-win.tlog\rc.read.1.tlog
d:\player\iermu-win\iermu-win\release\iermu-win.tlog\rc.write.1.tlog
